Using pre-set license
Built from '2020.3/release' branch; Version is '2020.3.34f1 (9a4c9c70452b) revision 10112156'; Using compiler version '192528614'; Build Type 'Release'
OS: 'Windows 10  (10.0.19044) 64bit Core' Language: 'ko' Physical Memory: 8107 MB
BatchMode: 1, IsHumanControllingUs: 0, StartBugReporterOnCrash: 0, Is64bit: 1, IsPro: 0

COMMAND LINE ARGUMENTS:
C:\Program Files\Unity\Hub\Editor\2020.3.34f1\Editor\Unity.exe
-adb2
-batchMode
-noUpm
-name
AssetImportWorker0
-projectPath
D:/git_Test/Test/New Unity Project
-logFile
Logs/AssetImportWorker0.log
-srvPort
64354
Successfully changed project path to: D:/git_Test/Test/New Unity Project
D:/git_Test/Test/New Unity Project
Using Asset Import Pipeline V2.
Refreshing native plugins compatible for Editor in 97.83 ms, found 2 plugins.
Preloading 0 native plugins for Editor in 0.00 ms.
Initialize engine version: 2020.3.34f1 (9a4c9c70452b)
[Subsystems] Discovering subsystems at path C:/Program Files/Unity/Hub/Editor/2020.3.34f1/Editor/Data/Resources/UnitySubsystems
[Subsystems] Discovering subsystems at path D:/git_Test/Test/New Unity Project/Assets
GfxDevice: creating device client; threaded=0
Direct3D:
    Version:  Direct3D 11.0 [level 11.1]
    Renderer: Intel(R) HD Graphics 5500 (ID=0x1616)
    Vendor:   
    VRAM:     4053 MB
    Driver:   20.19.15.4549
Initialize mono
Mono path[0] = 'C:/Program Files/Unity/Hub/Editor/2020.3.34f1/Editor/Data/Managed'
Mono path[1] = 'C:/Program Files/Unity/Hub/Editor/2020.3.34f1/Editor/Data/MonoBleedingEdge/lib/mono/unityjit'
Mono config path = 'C:/Program Files/Unity/Hub/Editor/2020.3.34f1/Editor/Data/MonoBleedingEdge/etc'
Using monoOptions --debugger-agent=transport=dt_socket,embedding=1,server=y,suspend=n,address=127.0.0.1:56620
Begin MonoManager ReloadAssembly
Registering precompiled unity dll's ...
Register platform support module: C:/Program Files/Unity/Hub/Editor/2020.3.34f1/Editor/Data/PlaybackEngines/WindowsStandaloneSupport/UnityEditor.WindowsStandalone.Extensions.dll
Registered in 0.004144 seconds.
Native extension for WindowsStandalone target not found
Refreshing native plugins compatible for Editor in 69.10 ms, found 2 plugins.
Preloading 0 native plugins for Editor in 0.00 ms.
Mono: successfully reloaded assembly
- Completed reload, in  1.259 seconds
Domain Reload Profiling:
	ReloadAssembly (1259ms)
		BeginReloadAssembly (181ms)
			ExecutionOrderSort (0ms)
			DisableScriptedObjects (0ms)
			BackupInstance (0ms)
			ReleaseScriptingObjects (0ms)
			CreateAndSetChildDomain (3ms)
		EndReloadAssembly (930ms)
			LoadAssemblies (174ms)
			RebuildTransferFunctionScriptingTraits (0ms)
			SetupTypeCache (329ms)
			ReleaseScriptCaches (0ms)
			RebuildScriptCaches (65ms)
			SetupLoadedEditorAssemblies (331ms)
				LogAssemblyErrors (0ms)
				InitializePlatformSupportModulesInManaged (8ms)
				SetLoadedEditorAssemblies (0ms)
				RefreshPlugins (69ms)
				BeforeProcessingInitializeOnLoad (30ms)
				ProcessInitializeOnLoadAttributes (163ms)
				ProcessInitializeOnLoadMethodAttributes (60ms)
				AfterProcessingInitializeOnLoad (0ms)
				EditorAssembliesLoaded (0ms)
			ExecutionOrderSort2 (0ms)
			AwakeInstancesAfterBackupRestoration (0ms)
Platform modules already initialized, skipping
Registering precompiled user dll's ...
Registered in 0.011245 seconds.
Begin MonoManager ReloadAssembly
Native extension for WindowsStandalone target not found
Refreshing native plugins compatible for Editor in 0.64 ms, found 2 plugins.
Preloading 0 native plugins for Editor in 0.00 ms.
Mono: successfully reloaded assembly
- Completed reload, in  2.146 seconds
Domain Reload Profiling:
	ReloadAssembly (2148ms)
		BeginReloadAssembly (318ms)
			ExecutionOrderSort (0ms)
			DisableScriptedObjects (10ms)
			BackupInstance (0ms)
			ReleaseScriptingObjects (0ms)
			CreateAndSetChildDomain (34ms)
		EndReloadAssembly (1702ms)
			LoadAssemblies (205ms)
			RebuildTransferFunctionScriptingTraits (0ms)
			SetupTypeCache (598ms)
			ReleaseScriptCaches (1ms)
			RebuildScriptCaches (92ms)
			SetupLoadedEditorAssemblies (650ms)
				LogAssemblyErrors (0ms)
				InitializePlatformSupportModulesInManaged (10ms)
				SetLoadedEditorAssemblies (1ms)
				RefreshPlugins (1ms)
				BeforeProcessingInitializeOnLoad (163ms)
				ProcessInitializeOnLoadAttributes (417ms)
				ProcessInitializeOnLoadMethodAttributes (42ms)
				AfterProcessingInitializeOnLoad (15ms)
				EditorAssembliesLoaded (0ms)
			ExecutionOrderSort2 (0ms)
			AwakeInstancesAfterBackupRestoration (3ms)
Platform modules already initialized, skipping
========================================================================
Worker process is ready to serve import requests
Launched and connected shader compiler UnityShaderCompiler.exe after 0.20 seconds
Refreshing native plugins compatible for Editor in 0.92 ms, found 2 plugins.
Preloading 0 native plugins for Editor in 0.00 ms.
Unloading 1595 Unused Serialized files (Serialized files now loaded: 0)
System memory in use before: 72.4 MB.
System memory in use after: 72.5 MB.

Unloading 20 unused Assets to reduce memory usage. Loaded Objects now: 2035.
Total: 4.611400 ms (FindLiveObjects: 0.187800 ms CreateObjectMapping: 0.079400 ms MarkObjects: 4.234500 ms  DeleteObjects: 0.108000 ms)

AssetImportParameters requested are different than current active one (requested -> active):
  custom:framework-win-MediaFoundation: 216162199b28c13a410421893ffa2e32 -> 
  custom:video-decoder-ogg-theora: a1e56fd34408186e4bbccfd4996cb3dc -> 
  custom:container-muxer-webm: aa71ff27fc2769a1b78a27578f13a17b -> 
  custom:container-demuxer-webm: 4f35f7cbe854078d1ac9338744f61a02 -> 
  custom:container-demuxer-ogg: 62fdf1f143b41e24485cea50d1cbac27 -> 
  custom:video-encoder-webm-vp8: eb34c28f22e8b96e1ab97ce403110664 -> 
  custom:video-codec-MediaFoundation-h265: 746d11721c4dcdbdad8f713fa42b33f4 -> 
  custom:video-decoder-webm-vp8: 9c59270c3fd7afecdb556c50c9e8de78 -> 
  custom:audio-decoder-ogg-vorbis: bf7c407c2cedff20999df2af8eb42d56 -> 
  custom:audio-encoder-webm-vorbis: bf7c407c2cedff20999df2af8eb42d56 -> 
========================================================================
Received Import Request.
  path: Assets/Art/Sprites/UI/NPCPortrait.png
  artifactKey: Guid(aa3e0837878604144b973aa396ea7dbd) Importer(815301076,1909f56bfc062723c751e8b465ee728b)
Start importing Assets/Art/Sprites/UI/NPCPortrait.png using Guid(aa3e0837878604144b973aa396ea7dbd) Importer(815301076,1909f56bfc062723c751e8b465ee728b)  -> (artifact id: '6c007ef501d5d1a12fb38a5f257a96aa') in 0.254191 seconds 
========================================================================
Received Import Request.
  Time since last request: 0.000369 seconds.
  path: Assets/Art/Sprites/UI/UIDialogueBox.png
  artifactKey: Guid(ce5afa1fa1b1e684098419a8455659b0) Importer(815301076,1909f56bfc062723c751e8b465ee728b)
Start importing Assets/Art/Sprites/UI/UIDialogueBox.png using Guid(ce5afa1fa1b1e684098419a8455659b0) Importer(815301076,1909f56bfc062723c751e8b465ee728b)  -> (artifact id: '141d5d1c6cf41fc8699cfcb365fd5c80') in 0.073591 seconds 
========================================================================
Received Import Request.
  Time since last request: 0.000451 seconds.
  path: Assets/Art/Sprites/UI/CharacterPortrait.png
  artifactKey: Guid(e15de6f8d935253448ee4e7709bd216c) Importer(815301076,1909f56bfc062723c751e8b465ee728b)
Start importing Assets/Art/Sprites/UI/CharacterPortrait.png using Guid(e15de6f8d935253448ee4e7709bd216c) Importer(815301076,1909f56bfc062723c751e8b465ee728b)  -> (artifact id: 'b5f98e8dc60f7095370c6d5bce6747ba') in 0.064494 seconds 
========================================================================
Received Import Request.
  Time since last request: 0.000374 seconds.
  path: Assets/Art/Sprites/UI/UIBulletIcon.png
  artifactKey: Guid(ca4761f4dd286db43a54d88ad0eb63ba) Importer(815301076,1909f56bfc062723c751e8b465ee728b)
Start importing Assets/Art/Sprites/UI/UIBulletIcon.png using Guid(ca4761f4dd286db43a54d88ad0eb63ba) Importer(815301076,1909f56bfc062723c751e8b465ee728b)  -> (artifact id: '6fc527250c1b156bb37c6af9189a2072') in 0.055266 seconds 
========================================================================
Received Import Request.
  Time since last request: 0.000696 seconds.
  path: Assets/Art/Sprites/UI/UIHealthFrame.png
  artifactKey: Guid(94d1f28a5aa0ed94b8d3bd15086f4b63) Importer(815301076,1909f56bfc062723c751e8b465ee728b)
Start importing Assets/Art/Sprites/UI/UIHealthFrame.png using Guid(94d1f28a5aa0ed94b8d3bd15086f4b63) Importer(815301076,1909f56bfc062723c751e8b465ee728b)  -> (artifact id: '298126e9103c5e0b269021f4ead0643e') in 0.088640 seconds 
========================================================================
Received Import Request.
  Time since last request: 0.000297 seconds.
  path: Assets/Art/Sprites/UI/UIHealthBar.png
  artifactKey: Guid(06131b9172a2c144fbb98dd9cb53e741) Importer(815301076,1909f56bfc062723c751e8b465ee728b)
Start importing Assets/Art/Sprites/UI/UIHealthBar.png using Guid(06131b9172a2c144fbb98dd9cb53e741) Importer(815301076,1909f56bfc062723c751e8b465ee728b)  -> (artifact id: '23bc788913dec6b4402b5d250a3bca75') in 0.065233 seconds 
========================================================================
Received Prepare
Registering precompiled user dll's ...
Registered in 0.008723 seconds.
Begin MonoManager ReloadAssembly
Native extension for WindowsStandalone target not found
Refreshing native plugins compatible for Editor in 1.62 ms, found 2 plugins.
Preloading 0 native plugins for Editor in 0.00 ms.
Mono: successfully reloaded assembly
- Completed reload, in  2.979 seconds
Domain Reload Profiling:
	ReloadAssembly (2980ms)
		BeginReloadAssembly (227ms)
			ExecutionOrderSort (0ms)
			DisableScriptedObjects (11ms)
			BackupInstance (0ms)
			ReleaseScriptingObjects (0ms)
			CreateAndSetChildDomain (62ms)
		EndReloadAssembly (2598ms)
			LoadAssemblies (212ms)
			RebuildTransferFunctionScriptingTraits (0ms)
			SetupTypeCache (928ms)
			ReleaseScriptCaches (2ms)
			RebuildScriptCaches (108ms)
			SetupLoadedEditorAssemblies (894ms)
				LogAssemblyErrors (0ms)
				InitializePlatformSupportModulesInManaged (15ms)
				SetLoadedEditorAssemblies (2ms)
				RefreshPlugins (2ms)
				BeforeProcessingInitializeOnLoad (186ms)
				ProcessInitializeOnLoadAttributes (607ms)
				ProcessInitializeOnLoadMethodAttributes (67ms)
				AfterProcessingInitializeOnLoad (15ms)
				EditorAssembliesLoaded (1ms)
			ExecutionOrderSort2 (0ms)
			AwakeInstancesAfterBackupRestoration (4ms)
Platform modules already initialized, skipping
Refreshing native plugins compatible for Editor in 0.82 ms, found 2 plugins.
Preloading 0 native plugins for Editor in 0.00 ms.
Unloading 1589 Unused Serialized files (Serialized files now loaded: 0)
System memory in use before: 75.3 MB.
System memory in use after: 75.4 MB.

Unloading 11 unused Assets to reduce memory usage. Loaded Objects now: 2052.
Total: 4.209900 ms (FindLiveObjects: 0.174600 ms CreateObjectMapping: 0.079600 ms MarkObjects: 3.922800 ms  DeleteObjects: 0.031600 ms)

AssetImportParameters requested are different than current active one (requested -> active):
  custom:framework-win-MediaFoundation: 216162199b28c13a410421893ffa2e32 -> 
  custom:video-decoder-ogg-theora: a1e56fd34408186e4bbccfd4996cb3dc -> 
  custom:container-muxer-webm: aa71ff27fc2769a1b78a27578f13a17b -> 
  custom:container-demuxer-webm: 4f35f7cbe854078d1ac9338744f61a02 -> 
  custom:container-demuxer-ogg: 62fdf1f143b41e24485cea50d1cbac27 -> 
  custom:video-encoder-webm-vp8: eb34c28f22e8b96e1ab97ce403110664 -> 
  custom:video-codec-MediaFoundation-h265: 746d11721c4dcdbdad8f713fa42b33f4 -> 
  custom:video-decoder-webm-vp8: 9c59270c3fd7afecdb556c50c9e8de78 -> 
  custom:audio-decoder-ogg-vorbis: bf7c407c2cedff20999df2af8eb42d56 -> 
  custom:audio-encoder-webm-vorbis: bf7c407c2cedff20999df2af8eb42d56 -> 
========================================================================
Received Import Request.
  Time since last request: 615.099248 seconds.
  path: Assets/Art/Sprites/Ruby.png
  artifactKey: Guid(1bf048195ce40054abfc951dc1a5af95) Importer(815301076,1909f56bfc062723c751e8b465ee728b)
Start importing Assets/Art/Sprites/Ruby.png using Guid(1bf048195ce40054abfc951dc1a5af95) Importer(815301076,1909f56bfc062723c751e8b465ee728b)  -> (artifact id: '29ce47caf659c2e341aeb4248cde6f1d') in 0.176289 seconds 
========================================================================
Received Prepare
Registering precompiled user dll's ...
Registered in 0.006710 seconds.
Begin MonoManager ReloadAssembly
Native extension for WindowsStandalone target not found
Refreshing native plugins compatible for Editor in 0.49 ms, found 2 plugins.
Preloading 0 native plugins for Editor in 0.00 ms.
Mono: successfully reloaded assembly
- Completed reload, in  2.189 seconds
Domain Reload Profiling:
	ReloadAssembly (2190ms)
		BeginReloadAssembly (233ms)
			ExecutionOrderSort (0ms)
			DisableScriptedObjects (11ms)
			BackupInstance (0ms)
			ReleaseScriptingObjects (0ms)
			CreateAndSetChildDomain (63ms)
		EndReloadAssembly (1821ms)
			LoadAssemblies (218ms)
			RebuildTransferFunctionScriptingTraits (0ms)
			SetupTypeCache (643ms)
			ReleaseScriptCaches (1ms)
			RebuildScriptCaches (100ms)
			SetupLoadedEditorAssemblies (685ms)
				LogAssemblyErrors (0ms)
				InitializePlatformSupportModulesInManaged (9ms)
				SetLoadedEditorAssemblies (1ms)
				RefreshPlugins (1ms)
				BeforeProcessingInitializeOnLoad (172ms)
				ProcessInitializeOnLoadAttributes (434ms)
				ProcessInitializeOnLoadMethodAttributes (44ms)
				AfterProcessingInitializeOnLoad (24ms)
				EditorAssembliesLoaded (1ms)
			ExecutionOrderSort2 (0ms)
			AwakeInstancesAfterBackupRestoration (4ms)
Platform modules already initialized, skipping
Refreshing native plugins compatible for Editor in 1.60 ms, found 2 plugins.
Preloading 0 native plugins for Editor in 0.00 ms.
Unloading 1589 Unused Serialized files (Serialized files now loaded: 0)
System memory in use before: 75.4 MB.
System memory in use after: 75.5 MB.

Unloading 11 unused Assets to reduce memory usage. Loaded Objects now: 2056.
Total: 7.252500 ms (FindLiveObjects: 0.209100 ms CreateObjectMapping: 0.088600 ms MarkObjects: 6.905700 ms  DeleteObjects: 0.047000 ms)

AssetImportParameters requested are different than current active one (requested -> active):
  custom:framework-win-MediaFoundation: 216162199b28c13a410421893ffa2e32 -> 
  custom:video-decoder-ogg-theora: a1e56fd34408186e4bbccfd4996cb3dc -> 
  custom:container-muxer-webm: aa71ff27fc2769a1b78a27578f13a17b -> 
  custom:container-demuxer-webm: 4f35f7cbe854078d1ac9338744f61a02 -> 
  custom:container-demuxer-ogg: 62fdf1f143b41e24485cea50d1cbac27 -> 
  custom:video-encoder-webm-vp8: eb34c28f22e8b96e1ab97ce403110664 -> 
  custom:video-codec-MediaFoundation-h265: 746d11721c4dcdbdad8f713fa42b33f4 -> 
  custom:video-decoder-webm-vp8: 9c59270c3fd7afecdb556c50c9e8de78 -> 
  custom:audio-decoder-ogg-vorbis: bf7c407c2cedff20999df2af8eb42d56 -> 
  custom:audio-encoder-webm-vorbis: bf7c407c2cedff20999df2af8eb42d56 -> 
========================================================================
Received Import Request.
  Time since last request: 200.399865 seconds.
  path: Assets/prefabs
  artifactKey: Guid(471981df29b4d424f90c1334777555a5) Importer(815301076,1909f56bfc062723c751e8b465ee728b)
Start importing Assets/prefabs using Guid(471981df29b4d424f90c1334777555a5) Importer(815301076,1909f56bfc062723c751e8b465ee728b)  -> (artifact id: 'd28a1ba7a6957af0d15884ecffb8a5fc') in 0.028045 seconds 
========================================================================
Received Import Request.
  Time since last request: 16.619461 seconds.
  path: Assets/prefabs/MetalCube.prefab
  artifactKey: Guid(08464585ab795934190764227284bcb0) Importer(815301076,1909f56bfc062723c751e8b465ee728b)
Start importing Assets/prefabs/MetalCube.prefab using Guid(08464585ab795934190764227284bcb0) Importer(815301076,1909f56bfc062723c751e8b465ee728b)  -> (artifact id: '70f36d5c56c9b15e94965c5584dd606f') in 0.156444 seconds 
========================================================================
Received Import Request.
  Time since last request: 166.581899 seconds.
  path: Assets/prefabs/MetalCube.prefab
  artifactKey: Guid(08464585ab795934190764227284bcb0) Importer(815301076,1909f56bfc062723c751e8b465ee728b)
Start importing Assets/prefabs/MetalCube.prefab using Guid(08464585ab795934190764227284bcb0) Importer(815301076,1909f56bfc062723c751e8b465ee728b)  -> (artifact id: '2de545e30ae9510e65638c48e3e5c7ad') in 0.033779 seconds 
========================================================================
Received Import Request.
  Time since last request: 7.559334 seconds.
  path: Assets/prefabs/MetalCube.prefab
  artifactKey: Guid(08464585ab795934190764227284bcb0) Importer(815301076,1909f56bfc062723c751e8b465ee728b)
Start importing Assets/prefabs/MetalCube.prefab using Guid(08464585ab795934190764227284bcb0) Importer(815301076,1909f56bfc062723c751e8b465ee728b)  -> (artifact id: 'ee39f5bbb481a2d645da28c6039465c3') in 0.038946 seconds 
========================================================================
Received Import Request.
  Time since last request: 2.417212 seconds.
  path: Assets/prefabs/MetalCube.prefab
  artifactKey: Guid(08464585ab795934190764227284bcb0) Importer(815301076,1909f56bfc062723c751e8b465ee728b)
Start importing Assets/prefabs/MetalCube.prefab using Guid(08464585ab795934190764227284bcb0) Importer(815301076,1909f56bfc062723c751e8b465ee728b)  -> (artifact id: 'a6bf47d9c0a6fb6dd2c212c3a82902f7') in 0.040318 seconds 
========================================================================
Received Import Request.
  Time since last request: 13.017848 seconds.
  path: Assets/prefabs/MetalCube.prefab
  artifactKey: Guid(08464585ab795934190764227284bcb0) Importer(815301076,1909f56bfc062723c751e8b465ee728b)
Start importing Assets/prefabs/MetalCube.prefab using Guid(08464585ab795934190764227284bcb0) Importer(815301076,1909f56bfc062723c751e8b465ee728b)  -> (artifact id: 'edd3562bba441e76207f76be9e5bb58d') in 0.034491 seconds 
========================================================================
Received Import Request.
  Time since last request: 119.692806 seconds.
  path: Assets/prefabs/MetalCube.prefab
  artifactKey: Guid(08464585ab795934190764227284bcb0) Importer(815301076,1909f56bfc062723c751e8b465ee728b)
Start importing Assets/prefabs/MetalCube.prefab using Guid(08464585ab795934190764227284bcb0) Importer(815301076,1909f56bfc062723c751e8b465ee728b)  -> (artifact id: 'd6e545d635b17ed2be810a33a28f2b5b') in 0.032225 seconds 
========================================================================
Received Import Request.
  Time since last request: 2.047210 seconds.
  path: Assets/prefabs/MetalCube.prefab
  artifactKey: Guid(08464585ab795934190764227284bcb0) Importer(815301076,1909f56bfc062723c751e8b465ee728b)
Start importing Assets/prefabs/MetalCube.prefab using Guid(08464585ab795934190764227284bcb0) Importer(815301076,1909f56bfc062723c751e8b465ee728b)  -> (artifact id: '4f8095f4bd0af5a5772bddbad223c6f5') in 0.034834 seconds 
========================================================================
Received Import Request.
  Time since last request: 0.983607 seconds.
  path: Assets/prefabs/MetalCube.prefab
  artifactKey: Guid(08464585ab795934190764227284bcb0) Importer(815301076,1909f56bfc062723c751e8b465ee728b)
Start importing Assets/prefabs/MetalCube.prefab using Guid(08464585ab795934190764227284bcb0) Importer(815301076,1909f56bfc062723c751e8b465ee728b)  -> (artifact id: '2338f01a09b8fc28e555f41cfc170702') in 0.033119 seconds 
========================================================================
Received Import Request.
  Time since last request: 130.115871 seconds.
  path: Assets/Art/Sprites/Environmnent/MetalCube.png
  artifactKey: Guid(b9244d299d06eea4fa3e8b8b6da46af5) Importer(815301076,1909f56bfc062723c751e8b465ee728b)
Start importing Assets/Art/Sprites/Environmnent/MetalCube.png using Guid(b9244d299d06eea4fa3e8b8b6da46af5) Importer(815301076,1909f56bfc062723c751e8b465ee728b)  -> (artifact id: '110939d301d9ccba609652016bce8bf8') in 0.058952 seconds 
========================================================================
Received Import Request.
  Time since last request: 67.080951 seconds.
  path: Assets/prefabs/TreeBig3.prefab
  artifactKey: Guid(6283f7b3103ccce458044b178f1028d0) Importer(815301076,1909f56bfc062723c751e8b465ee728b)
Start importing Assets/prefabs/TreeBig3.prefab using Guid(6283f7b3103ccce458044b178f1028d0) Importer(815301076,1909f56bfc062723c751e8b465ee728b)  -> (artifact id: 'c53a3c4fee3158026ed026391471cf3b') in 0.026118 seconds 
========================================================================
Received Import Request.
  Time since last request: 2.134801 seconds.
  path: Assets/prefabs/TreeBig2.prefab
  artifactKey: Guid(daba126685b06f042aa2ec541a558683) Importer(815301076,1909f56bfc062723c751e8b465ee728b)
Start importing Assets/prefabs/TreeBig2.prefab using Guid(daba126685b06f042aa2ec541a558683) Importer(815301076,1909f56bfc062723c751e8b465ee728b)  -> (artifact id: '1fe560ddfd141ce5c561da7a69ee5ba1') in 0.033582 seconds 
========================================================================
Received Import Request.
  Time since last request: 1.281086 seconds.
  path: Assets/prefabs/LotusFlower.prefab
  artifactKey: Guid(519c27ee2e2e8e24fad6d4722945bfe1) Importer(815301076,1909f56bfc062723c751e8b465ee728b)
Start importing Assets/prefabs/LotusFlower.prefab using Guid(519c27ee2e2e8e24fad6d4722945bfe1) Importer(815301076,1909f56bfc062723c751e8b465ee728b)  -> (artifact id: 'b253413f5ea30f432cb197f5b28d6d19') in 0.036131 seconds 
========================================================================
Received Import Request.
  Time since last request: 2.240900 seconds.
  path: Assets/prefabs/House.prefab
  artifactKey: Guid(1df4717b118376d48a92dcb9de4244bd) Importer(815301076,1909f56bfc062723c751e8b465ee728b)
Start importing Assets/prefabs/House.prefab using Guid(1df4717b118376d48a92dcb9de4244bd) Importer(815301076,1909f56bfc062723c751e8b465ee728b)  -> (artifact id: 'c155abcc02007451f16a327e827ff821') in 0.063736 seconds 
========================================================================
Received Import Request.
  Time since last request: 1.878013 seconds.
  path: Assets/prefabs/Damageable.prefab
  artifactKey: Guid(ef77e08d8c9d60c43bbe9166747be7bc) Importer(815301076,1909f56bfc062723c751e8b465ee728b)
Start importing Assets/prefabs/Damageable.prefab using Guid(ef77e08d8c9d60c43bbe9166747be7bc) Importer(815301076,1909f56bfc062723c751e8b465ee728b)  -> (artifact id: '5f81a7b0603136acfac6548e94cf8c71') in 0.052654 seconds 
========================================================================
Received Import Request.
  Time since last request: 62.386181 seconds.
  path: Assets/prefabs/TreeBig3.prefab
  artifactKey: Guid(6283f7b3103ccce458044b178f1028d0) Importer(815301076,1909f56bfc062723c751e8b465ee728b)
Start importing Assets/prefabs/TreeBig3.prefab using Guid(6283f7b3103ccce458044b178f1028d0) Importer(815301076,1909f56bfc062723c751e8b465ee728b)  -> (artifact id: '279fcf9f35b57e916ac6ef034f83e79a') in 0.037930 seconds 
========================================================================
Received Import Request.
  Time since last request: 0.546405 seconds.
  path: Assets/prefabs/TreeBig3.prefab
  artifactKey: Guid(6283f7b3103ccce458044b178f1028d0) Importer(815301076,1909f56bfc062723c751e8b465ee728b)
Start importing Assets/prefabs/TreeBig3.prefab using Guid(6283f7b3103ccce458044b178f1028d0) Importer(815301076,1909f56bfc062723c751e8b465ee728b)  -> (artifact id: 'a5464c763485c1ab84d5aab87d48890b') in 0.045281 seconds 
========================================================================
Received Import Request.
  Time since last request: 2.390860 seconds.
  path: Assets/prefabs/TreeBig3.prefab
  artifactKey: Guid(6283f7b3103ccce458044b178f1028d0) Importer(815301076,1909f56bfc062723c751e8b465ee728b)
Start importing Assets/prefabs/TreeBig3.prefab using Guid(6283f7b3103ccce458044b178f1028d0) Importer(815301076,1909f56bfc062723c751e8b465ee728b)  -> (artifact id: 'd28b7a6f6794746036db481eb9967bb3') in 0.036098 seconds 
========================================================================
Received Import Request.
  Time since last request: 41.215101 seconds.
  path: Assets/prefabs/TreeBig2.prefab
  artifactKey: Guid(daba126685b06f042aa2ec541a558683) Importer(815301076,1909f56bfc062723c751e8b465ee728b)
Start importing Assets/prefabs/TreeBig2.prefab using Guid(daba126685b06f042aa2ec541a558683) Importer(815301076,1909f56bfc062723c751e8b465ee728b)  -> (artifact id: '656d2cb2985cc9605a4358e3c048ed4a') in 0.044936 seconds 
========================================================================
Received Import Request.
  Time since last request: 13.597415 seconds.
  path: Assets/prefabs/LotusFlower.prefab
  artifactKey: Guid(519c27ee2e2e8e24fad6d4722945bfe1) Importer(815301076,1909f56bfc062723c751e8b465ee728b)
Start importing Assets/prefabs/LotusFlower.prefab using Guid(519c27ee2e2e8e24fad6d4722945bfe1) Importer(815301076,1909f56bfc062723c751e8b465ee728b)  -> (artifact id: 'b8cc5a741de84fd6865c8a9e5412d84a') in 0.033849 seconds 
========================================================================
Received Import Request.
  Time since last request: 6.053770 seconds.
  path: Assets/prefabs/House.prefab
  artifactKey: Guid(1df4717b118376d48a92dcb9de4244bd) Importer(815301076,1909f56bfc062723c751e8b465ee728b)
Start importing Assets/prefabs/House.prefab using Guid(1df4717b118376d48a92dcb9de4244bd) Importer(815301076,1909f56bfc062723c751e8b465ee728b)  -> (artifact id: 'bce78d134053a9ba8a949ece2f6359d4') in 0.055184 seconds 
========================================================================
Received Import Request.
  Time since last request: 3.097948 seconds.
  path: Assets/prefabs/Damageable.prefab
  artifactKey: Guid(ef77e08d8c9d60c43bbe9166747be7bc) Importer(815301076,1909f56bfc062723c751e8b465ee728b)
Start importing Assets/prefabs/Damageable.prefab using Guid(ef77e08d8c9d60c43bbe9166747be7bc) Importer(815301076,1909f56bfc062723c751e8b465ee728b)  -> (artifact id: 'a6335db7a118a7f5a065e96ec20b7a84') in 0.034223 seconds 
========================================================================
Received Import Request.
  Time since last request: 41.235360 seconds.
  path: Assets/Art/Sprites/Environmnent/Materials
  artifactKey: Guid(146fd1c453e15d340ae2ce45d34cb20e) Importer(815301076,1909f56bfc062723c751e8b465ee728b)
Start importing Assets/Art/Sprites/Environmnent/Materials using Guid(146fd1c453e15d340ae2ce45d34cb20e) Importer(815301076,1909f56bfc062723c751e8b465ee728b)  -> (artifact id: '805e52a44e53e709b516844f27e78f16') in 0.018974 seconds 
========================================================================
Received Import Request.
  Time since last request: 0.066972 seconds.
  path: Assets/Art/Sprites/Environmnent/Materials/LotusFlower.mat
  artifactKey: Guid(8a0576b9f71ed1342a8808c80a70a5fd) Importer(815301076,1909f56bfc062723c751e8b465ee728b)
Start importing Assets/Art/Sprites/Environmnent/Materials/LotusFlower.mat using Guid(8a0576b9f71ed1342a8808c80a70a5fd) Importer(815301076,1909f56bfc062723c751e8b465ee728b)  -> (artifact id: '1f8a8b9b15f2aa5409573865a9d3ff7b') in 0.066304 seconds 
========================================================================
Received Import Request.
  Time since last request: 0.000344 seconds.
  path: Assets/Art/Sprites/Environmnent/Materials/MetalCube.mat
  artifactKey: Guid(2eca8e2d99b26f64981deda1ea0023aa) Importer(815301076,1909f56bfc062723c751e8b465ee728b)
Start importing Assets/Art/Sprites/Environmnent/Materials/MetalCube.mat using Guid(2eca8e2d99b26f64981deda1ea0023aa) Importer(815301076,1909f56bfc062723c751e8b465ee728b)  -> (artifact id: 'd5a9eed05387ee83189ddd8481132789') in 0.034684 seconds 
========================================================================
Received Import Request.
  Time since last request: 17.176246 seconds.
  path: Assets/Art/Sprites/UI
  artifactKey: Guid(bfb96839a89439043a19cb4fb1efcba7) Importer(815301076,1909f56bfc062723c751e8b465ee728b)
Start importing Assets/Art/Sprites/UI using Guid(bfb96839a89439043a19cb4fb1efcba7) Importer(815301076,1909f56bfc062723c751e8b465ee728b)  -> (artifact id: 'e5678d7afc4f31677ecd2aa3e0a0f531') in 0.021740 seconds 
========================================================================
Received Import Request.
  Time since last request: 5.341902 seconds.
  path: Assets/Art/Sprites/VFX/CogBullet.png
  artifactKey: Guid(c3bae526786f11046bdd2a781392a458) Importer(815301076,1909f56bfc062723c751e8b465ee728b)
Start importing Assets/Art/Sprites/VFX/CogBullet.png using Guid(c3bae526786f11046bdd2a781392a458) Importer(815301076,1909f56bfc062723c751e8b465ee728b)  -> (artifact id: '19a8e54933b8bad6c3031c5d3bc82c0d') in 0.065558 seconds 
========================================================================
Received Import Request.
  Time since last request: 0.000576 seconds.
  path: Assets/Art/Sprites/VFX/CollectibleAmmo.png
  artifactKey: Guid(d5ac0d76f419eaf4b88095579ba3ab35) Importer(815301076,1909f56bfc062723c751e8b465ee728b)
Start importing Assets/Art/Sprites/VFX/CollectibleAmmo.png using Guid(d5ac0d76f419eaf4b88095579ba3ab35) Importer(815301076,1909f56bfc062723c751e8b465ee728b)  -> (artifact id: 'd2043f85b3242b585aa1ad37318e2d36') in 0.112480 seconds 
========================================================================
Received Import Request.
  Time since last request: 0.000351 seconds.
  path: Assets/Art/Sprites/VFX/CollectibleHealth.png
  artifactKey: Guid(00e89d1057578a342b22583144a5ee03) Importer(815301076,1909f56bfc062723c751e8b465ee728b)
Start importing Assets/Art/Sprites/VFX/CollectibleHealth.png using Guid(00e89d1057578a342b22583144a5ee03) Importer(815301076,1909f56bfc062723c751e8b465ee728b)  -> (artifact id: '22d65df4ab9c3aa34fb28b67982ae56a') in 0.086775 seconds 
========================================================================
Received Import Request.
  Time since last request: 0.000364 seconds.
  path: Assets/Art/Sprites/VFX/Shadow.png
  artifactKey: Guid(2473a1005c3459b479fdb52a47447363) Importer(815301076,1909f56bfc062723c751e8b465ee728b)
Start importing Assets/Art/Sprites/VFX/Shadow.png using Guid(2473a1005c3459b479fdb52a47447363) Importer(815301076,1909f56bfc062723c751e8b465ee728b)  -> (artifact id: '26eb1ee8dc043b94e266b536bf4301d0') in 0.071834 seconds 
========================================================================
Received Import Request.
  Time since last request: 0.000363 seconds.
  path: Assets/Art/Sprites/VFX/ParticleSpriteAtlas.png
  artifactKey: Guid(bb5bb2f184426a64cac53faa220820f5) Importer(815301076,1909f56bfc062723c751e8b465ee728b)
Start importing Assets/Art/Sprites/VFX/ParticleSpriteAtlas.png using Guid(bb5bb2f184426a64cac53faa220820f5) Importer(815301076,1909f56bfc062723c751e8b465ee728b)  -> (artifact id: '6ca80cde4f7fb5f0c13b2258ecee2aca') in 0.093818 seconds 
========================================================================
Received Import Request.
  Time since last request: 62.122018 seconds.
  path: ProjectSettings/TagManager.asset
  artifactKey: Guid(00000000000000003000000000000000) Importer(815301076,1909f56bfc062723c751e8b465ee728b)
Start importing ProjectSettings/TagManager.asset using Guid(00000000000000003000000000000000) Importer(815301076,1909f56bfc062723c751e8b465ee728b)  -> (artifact id: 'ce6a35c3cddc746e7501c0bd0ed6d4ce') in 0.016713 seconds 
========================================================================
Received Import Request.
  Time since last request: 107.206784 seconds.
  path: Assets/Art/Sprites/Environmnent/TreeBig3.png
  artifactKey: Guid(1d50d21b43458424aa7759b50224c034) Importer(815301076,1909f56bfc062723c751e8b465ee728b)
Start importing Assets/Art/Sprites/Environmnent/TreeBig3.png using Guid(1d50d21b43458424aa7759b50224c034) Importer(815301076,1909f56bfc062723c751e8b465ee728b)  -> (artifact id: 'f2491b739caa2433971583e93865152d') in 0.052540 seconds 
========================================================================
Received Import Request.
  Time since last request: 41.115656 seconds.
  path: Assets/Art/Sprites/Environmnent/LotusFlower.png
  artifactKey: Guid(010b5c856073f70428956b10534fd3a6) Importer(815301076,1909f56bfc062723c751e8b465ee728b)
Start importing Assets/Art/Sprites/Environmnent/LotusFlower.png using Guid(010b5c856073f70428956b10534fd3a6) Importer(815301076,1909f56bfc062723c751e8b465ee728b)  -> (artifact id: '6907cd0604c9615bbe801a42e765b7a0') in 0.041608 seconds 
========================================================================
Received Import Request.
  Time since last request: 34.416906 seconds.
  path: Assets/Art/Sprites/Environmnent/House.png
  artifactKey: Guid(f27ebbf5c345352429b99a3dec7ae33e) Importer(815301076,1909f56bfc062723c751e8b465ee728b)
Start importing Assets/Art/Sprites/Environmnent/House.png using Guid(f27ebbf5c345352429b99a3dec7ae33e) Importer(815301076,1909f56bfc062723c751e8b465ee728b)  -> (artifact id: '18552d7053ce2d5434b5af43e0d604f8') in 0.059322 seconds 
========================================================================
Received Import Request.
  Time since last request: 0.508202 seconds.
  path: Assets/Art/Sprites/Environmnent/TreeBig2.png
  artifactKey: Guid(36d4547ce489e7041990fd8545a07142) Importer(815301076,1909f56bfc062723c751e8b465ee728b)
Start importing Assets/Art/Sprites/Environmnent/TreeBig2.png using Guid(36d4547ce489e7041990fd8545a07142) Importer(815301076,1909f56bfc062723c751e8b465ee728b)  -> (artifact id: 'a507bf859d907e79ea2e137f528118b6') in 0.031414 seconds 
========================================================================
Received Prepare
Registering precompiled user dll's ...
Registered in 0.007608 seconds.
Begin MonoManager ReloadAssembly
Native extension for WindowsStandalone target not found
Refreshing native plugins compatible for Editor in 7.16 ms, found 2 plugins.
Preloading 0 native plugins for Editor in 0.00 ms.
Mono: successfully reloaded assembly
- Completed reload, in  7.960 seconds
Domain Reload Profiling:
	ReloadAssembly (7961ms)
		BeginReloadAssembly (252ms)
			ExecutionOrderSort (0ms)
			DisableScriptedObjects (14ms)
			BackupInstance (0ms)
			ReleaseScriptingObjects (0ms)
			CreateAndSetChildDomain (81ms)
		EndReloadAssembly (7570ms)
			LoadAssemblies (208ms)
			RebuildTransferFunctionScriptingTraits (0ms)
			SetupTypeCache (2038ms)
			ReleaseScriptCaches (5ms)
			RebuildScriptCaches (346ms)
			SetupLoadedEditorAssemblies (3858ms)
				LogAssemblyErrors (0ms)
				InitializePlatformSupportModulesInManaged (52ms)
				SetLoadedEditorAssemblies (3ms)
				RefreshPlugins (8ms)
				BeforeProcessingInitializeOnLoad (950ms)
				ProcessInitializeOnLoadAttributes (2539ms)
				ProcessInitializeOnLoadMethodAttributes (227ms)
				AfterProcessingInitializeOnLoad (77ms)
				EditorAssembliesLoaded (1ms)
			ExecutionOrderSort2 (0ms)
			AwakeInstancesAfterBackupRestoration (69ms)
Platform modules already initialized, skipping
Refreshing native plugins compatible for Editor in 1.75 ms, found 2 plugins.
Preloading 0 native plugins for Editor in 0.00 ms.
Unloading 1589 Unused Serialized files (Serialized files now loaded: 0)
System memory in use before: 75.7 MB.
System memory in use after: 75.8 MB.

Unloading 12 unused Assets to reduce memory usage. Loaded Objects now: 2108.
Total: 10.042600 ms (FindLiveObjects: 0.469700 ms CreateObjectMapping: 0.220100 ms MarkObjects: 9.309500 ms  DeleteObjects: 0.041300 ms)

AssetImportParameters requested are different than current active one (requested -> active):
  custom:framework-win-MediaFoundation: 216162199b28c13a410421893ffa2e32 -> 
  custom:video-decoder-ogg-theora: a1e56fd34408186e4bbccfd4996cb3dc -> 
  custom:container-muxer-webm: aa71ff27fc2769a1b78a27578f13a17b -> 
  custom:container-demuxer-webm: 4f35f7cbe854078d1ac9338744f61a02 -> 
  custom:container-demuxer-ogg: 62fdf1f143b41e24485cea50d1cbac27 -> 
  custom:video-encoder-webm-vp8: eb34c28f22e8b96e1ab97ce403110664 -> 
  custom:video-codec-MediaFoundation-h265: 746d11721c4dcdbdad8f713fa42b33f4 -> 
  custom:video-decoder-webm-vp8: 9c59270c3fd7afecdb556c50c9e8de78 -> 
  custom:audio-decoder-ogg-vorbis: bf7c407c2cedff20999df2af8eb42d56 -> 
  custom:audio-encoder-webm-vorbis: bf7c407c2cedff20999df2af8eb42d56 -> 
========================================================================
Received Import Request.
  Time since last request: 23.725745 seconds.
  path: Assets/Art/Sprites/Environmnent/LotusFlower.png
  artifactKey: Guid(010b5c856073f70428956b10534fd3a6) Importer(815301076,1909f56bfc062723c751e8b465ee728b)
Start importing Assets/Art/Sprites/Environmnent/LotusFlower.png using Guid(010b5c856073f70428956b10534fd3a6) Importer(815301076,1909f56bfc062723c751e8b465ee728b)  -> (artifact id: '0ed0bb0f302a2a94583c3c81ab56e0dd') in 0.197567 seconds 
========================================================================
Received Import Request.
  Time since last request: 75.350549 seconds.
  path: Assets/prefabs/Damageable.prefab
  artifactKey: Guid(ef77e08d8c9d60c43bbe9166747be7bc) Importer(815301076,1909f56bfc062723c751e8b465ee728b)
Start importing Assets/prefabs/Damageable.prefab using Guid(ef77e08d8c9d60c43bbe9166747be7bc) Importer(815301076,1909f56bfc062723c751e8b465ee728b)  -> (artifact id: 'a060b1918218efe2619a4432f605d4fb') in 0.060452 seconds 
========================================================================
Received Import Request.
  Time since last request: 0.000345 seconds.
  path: Assets/prefabs/TreeBig2.prefab
  artifactKey: Guid(daba126685b06f042aa2ec541a558683) Importer(815301076,1909f56bfc062723c751e8b465ee728b)
Start importing Assets/prefabs/TreeBig2.prefab using Guid(daba126685b06f042aa2ec541a558683) Importer(815301076,1909f56bfc062723c751e8b465ee728b)  -> (artifact id: 'c98b79f4bf91d05a665718ee109ce735') in 0.027084 seconds 
========================================================================
Received Import Request.
  Time since last request: 0.000400 seconds.
  path: Assets/prefabs/LotusFlower.prefab
  artifactKey: Guid(519c27ee2e2e8e24fad6d4722945bfe1) Importer(815301076,1909f56bfc062723c751e8b465ee728b)
Start importing Assets/prefabs/LotusFlower.prefab using Guid(519c27ee2e2e8e24fad6d4722945bfe1) Importer(815301076,1909f56bfc062723c751e8b465ee728b)  -> (artifact id: 'ceb6c403817a9918b44f56280ce342ca') in 0.046272 seconds 
========================================================================
Received Import Request.
  Time since last request: 0.000365 seconds.
  path: Assets/prefabs/TreeBig3.prefab
  artifactKey: Guid(6283f7b3103ccce458044b178f1028d0) Importer(815301076,1909f56bfc062723c751e8b465ee728b)
Start importing Assets/prefabs/TreeBig3.prefab using Guid(6283f7b3103ccce458044b178f1028d0) Importer(815301076,1909f56bfc062723c751e8b465ee728b)  -> (artifact id: 'cbc4ae007049b3a2c00296374a0d6bb7') in 0.029287 seconds 
========================================================================
Received Import Request.
  Time since last request: 0.000354 seconds.
  path: Assets/prefabs/House.prefab
  artifactKey: Guid(1df4717b118376d48a92dcb9de4244bd) Importer(815301076,1909f56bfc062723c751e8b465ee728b)
Start importing Assets/prefabs/House.prefab using Guid(1df4717b118376d48a92dcb9de4244bd) Importer(815301076,1909f56bfc062723c751e8b465ee728b)  -> (artifact id: 'e815d0b0ef1e625ff16d68c880a74cb6') in 0.033436 seconds 
========================================================================
Received Import Request.
  Time since last request: 108.946082 seconds.
  path: Assets/prefabs/TreeBig3.prefab
  artifactKey: Guid(6283f7b3103ccce458044b178f1028d0) Importer(815301076,1909f56bfc062723c751e8b465ee728b)
Start importing Assets/prefabs/TreeBig3.prefab using Guid(6283f7b3103ccce458044b178f1028d0) Importer(815301076,1909f56bfc062723c751e8b465ee728b)  -> (artifact id: '12d6a25ace56c555269ecfdf7047bdab') in 0.029772 seconds 
========================================================================
Received Import Request.
  Time since last request: 6.157634 seconds.
  path: Assets/prefabs/TreeBig3.prefab
  artifactKey: Guid(6283f7b3103ccce458044b178f1028d0) Importer(815301076,1909f56bfc062723c751e8b465ee728b)
Start importing Assets/prefabs/TreeBig3.prefab using Guid(6283f7b3103ccce458044b178f1028d0) Importer(815301076,1909f56bfc062723c751e8b465ee728b)  -> (artifact id: '3a3a93c4a623e428e9f53c583b596e4d') in 0.032914 seconds 
========================================================================
Received Import Request.
  Time since last request: 24.163625 seconds.
  path: Assets/prefabs/TreeBig2.prefab
  artifactKey: Guid(daba126685b06f042aa2ec541a558683) Importer(815301076,1909f56bfc062723c751e8b465ee728b)
Start importing Assets/prefabs/TreeBig2.prefab using Guid(daba126685b06f042aa2ec541a558683) Importer(815301076,1909f56bfc062723c751e8b465ee728b)  -> (artifact id: 'e135a0580fbc082a6e9879da641e2009') in 0.036464 seconds 
========================================================================
Received Import Request.
  Time since last request: 5.424348 seconds.
  path: Assets/prefabs/TreeBig2.prefab
  artifactKey: Guid(daba126685b06f042aa2ec541a558683) Importer(815301076,1909f56bfc062723c751e8b465ee728b)
Start importing Assets/prefabs/TreeBig2.prefab using Guid(daba126685b06f042aa2ec541a558683) Importer(815301076,1909f56bfc062723c751e8b465ee728b)  -> (artifact id: '0988ef6b02e9198996aea64258f7cd07') in 0.035785 seconds 
========================================================================
Received Import Request.
  Time since last request: 72.732395 seconds.
  path: Assets/Art/Sprites/Environmnent/TreeBig3.png
  artifactKey: Guid(1d50d21b43458424aa7759b50224c034) Importer(815301076,1909f56bfc062723c751e8b465ee728b)
Start importing Assets/Art/Sprites/Environmnent/TreeBig3.png using Guid(1d50d21b43458424aa7759b50224c034) Importer(815301076,1909f56bfc062723c751e8b465ee728b)  -> (artifact id: 'f27324eb4a253fc172fd6d990fada1db') in 0.035095 seconds 
AssetImportWorkerClient::OnTransportError - code=2 error=End of file
