Using pre-set license
Built from '2020.3/release' branch; Version is '2020.3.34f1 (9a4c9c70452b) revision 10112156'; Using compiler version '192528614'; Build Type 'Release'
OS: 'Windows 10  (10.0.19044) 64bit Core' Language: 'ko' Physical Memory: 8107 MB
BatchMode: 1, IsHumanControllingUs: 0, StartBugReporterOnCrash: 0, Is64bit: 1, IsPro: 0

COMMAND LINE ARGUMENTS:
C:\Program Files\Unity\Hub\Editor\2020.3.34f1\Editor\Unity.exe
-adb2
-batchMode
-noUpm
-name
AssetImportWorker0
-projectPath
D:/git_Test/Test/New Unity Project
-logFile
Logs/AssetImportWorker0.log
-srvPort
59979
Successfully changed project path to: D:/git_Test/Test/New Unity Project
D:/git_Test/Test/New Unity Project
Using Asset Import Pipeline V2.
Refreshing native plugins compatible for Editor in 65.91 ms, found 2 plugins.
Preloading 0 native plugins for Editor in 0.00 ms.
Initialize engine version: 2020.3.34f1 (9a4c9c70452b)
[Subsystems] Discovering subsystems at path C:/Program Files/Unity/Hub/Editor/2020.3.34f1/Editor/Data/Resources/UnitySubsystems
[Subsystems] Discovering subsystems at path D:/git_Test/Test/New Unity Project/Assets
GfxDevice: creating device client; threaded=0
Direct3D:
    Version:  Direct3D 11.0 [level 11.1]
    Renderer: Intel(R) HD Graphics 5500 (ID=0x1616)
    Vendor:   
    VRAM:     4053 MB
    Driver:   20.19.15.4549
Initialize mono
Mono path[0] = 'C:/Program Files/Unity/Hub/Editor/2020.3.34f1/Editor/Data/Managed'
Mono path[1] = 'C:/Program Files/Unity/Hub/Editor/2020.3.34f1/Editor/Data/MonoBleedingEdge/lib/mono/unityjit'
Mono config path = 'C:/Program Files/Unity/Hub/Editor/2020.3.34f1/Editor/Data/MonoBleedingEdge/etc'
Using monoOptions --debugger-agent=transport=dt_socket,embedding=1,server=y,suspend=n,address=127.0.0.1:56584
Begin MonoManager ReloadAssembly
Registering precompiled unity dll's ...
Register platform support module: C:/Program Files/Unity/Hub/Editor/2020.3.34f1/Editor/Data/PlaybackEngines/WindowsStandaloneSupport/UnityEditor.WindowsStandalone.Extensions.dll
Registered in 0.004118 seconds.
Native extension for WindowsStandalone target not found
Refreshing native plugins compatible for Editor in 63.50 ms, found 2 plugins.
Preloading 0 native plugins for Editor in 0.00 ms.
Mono: successfully reloaded assembly
- Completed reload, in  1.166 seconds
Domain Reload Profiling:
	ReloadAssembly (1166ms)
		BeginReloadAssembly (145ms)
			ExecutionOrderSort (0ms)
			DisableScriptedObjects (0ms)
			BackupInstance (0ms)
			ReleaseScriptingObjects (0ms)
			CreateAndSetChildDomain (1ms)
		EndReloadAssembly (876ms)
			LoadAssemblies (140ms)
			RebuildTransferFunctionScriptingTraits (0ms)
			SetupTypeCache (312ms)
			ReleaseScriptCaches (0ms)
			RebuildScriptCaches (60ms)
			SetupLoadedEditorAssemblies (313ms)
				LogAssemblyErrors (0ms)
				InitializePlatformSupportModulesInManaged (8ms)
				SetLoadedEditorAssemblies (0ms)
				RefreshPlugins (64ms)
				BeforeProcessingInitializeOnLoad (28ms)
				ProcessInitializeOnLoadAttributes (156ms)
				ProcessInitializeOnLoadMethodAttributes (57ms)
				AfterProcessingInitializeOnLoad (0ms)
				EditorAssembliesLoaded (0ms)
			ExecutionOrderSort2 (0ms)
			AwakeInstancesAfterBackupRestoration (0ms)
Platform modules already initialized, skipping
Registering precompiled user dll's ...
Registered in 0.004987 seconds.
Begin MonoManager ReloadAssembly
Native extension for WindowsStandalone target not found
Refreshing native plugins compatible for Editor in 0.50 ms, found 2 plugins.
Preloading 0 native plugins for Editor in 0.00 ms.
Mono: successfully reloaded assembly
- Completed reload, in  2.470 seconds
Domain Reload Profiling:
	ReloadAssembly (2472ms)
		BeginReloadAssembly (387ms)
			ExecutionOrderSort (0ms)
			DisableScriptedObjects (14ms)
			BackupInstance (0ms)
			ReleaseScriptingObjects (0ms)
			CreateAndSetChildDomain (33ms)
		EndReloadAssembly (1967ms)
			LoadAssemblies (191ms)
			RebuildTransferFunctionScriptingTraits (0ms)
			SetupTypeCache (734ms)
			ReleaseScriptCaches (1ms)
			RebuildScriptCaches (127ms)
			SetupLoadedEditorAssemblies (729ms)
				LogAssemblyErrors (0ms)
				InitializePlatformSupportModulesInManaged (8ms)
				SetLoadedEditorAssemblies (1ms)
				RefreshPlugins (1ms)
				BeforeProcessingInitializeOnLoad (154ms)
				ProcessInitializeOnLoadAttributes (504ms)
				ProcessInitializeOnLoadMethodAttributes (46ms)
				AfterProcessingInitializeOnLoad (14ms)
				EditorAssembliesLoaded (0ms)
			ExecutionOrderSort2 (0ms)
			AwakeInstancesAfterBackupRestoration (4ms)
Platform modules already initialized, skipping
========================================================================
Worker process is ready to serve import requests
Launched and connected shader compiler UnityShaderCompiler.exe after 0.18 seconds
Refreshing native plugins compatible for Editor in 0.94 ms, found 2 plugins.
Preloading 0 native plugins for Editor in 0.00 ms.
Unloading 1598 Unused Serialized files (Serialized files now loaded: 0)
System memory in use before: 72.5 MB.
System memory in use after: 72.6 MB.

Unloading 20 unused Assets to reduce memory usage. Loaded Objects now: 2038.
Total: 4.637400 ms (FindLiveObjects: 0.207600 ms CreateObjectMapping: 0.081700 ms MarkObjects: 4.244300 ms  DeleteObjects: 0.101800 ms)

AssetImportParameters requested are different than current active one (requested -> active):
  custom:framework-win-MediaFoundation: 216162199b28c13a410421893ffa2e32 -> 
  custom:video-decoder-ogg-theora: a1e56fd34408186e4bbccfd4996cb3dc -> 
  custom:container-muxer-webm: aa71ff27fc2769a1b78a27578f13a17b -> 
  custom:container-demuxer-webm: 4f35f7cbe854078d1ac9338744f61a02 -> 
  custom:container-demuxer-ogg: 62fdf1f143b41e24485cea50d1cbac27 -> 
  custom:video-encoder-webm-vp8: eb34c28f22e8b96e1ab97ce403110664 -> 
  custom:video-codec-MediaFoundation-h265: 746d11721c4dcdbdad8f713fa42b33f4 -> 
  custom:video-decoder-webm-vp8: 9c59270c3fd7afecdb556c50c9e8de78 -> 
  custom:audio-decoder-ogg-vorbis: bf7c407c2cedff20999df2af8eb42d56 -> 
  custom:audio-encoder-webm-vorbis: bf7c407c2cedff20999df2af8eb42d56 -> 
========================================================================
Received Import Request.
  path: Assets/prefabs/Bot.prefab
  artifactKey: Guid(c71501b20a4f064449f24957f3f74541) Importer(815301076,1909f56bfc062723c751e8b465ee728b)
Start importing Assets/prefabs/Bot.prefab using Guid(c71501b20a4f064449f24957f3f74541) Importer(815301076,1909f56bfc062723c751e8b465ee728b)  -> (artifact id: '8826dd015035cdd8e4db3fc2c83dfb47') in 0.193527 seconds 
========================================================================
Received Import Request.
  Time since last request: 11.588873 seconds.
  path: Assets/prefabs/Bot.prefab
  artifactKey: Guid(c71501b20a4f064449f24957f3f74541) Importer(815301076,1909f56bfc062723c751e8b465ee728b)
Start importing Assets/prefabs/Bot.prefab using Guid(c71501b20a4f064449f24957f3f74541) Importer(815301076,1909f56bfc062723c751e8b465ee728b)  -> (artifact id: '724e55f4f46c6e271d86d9b1c6b27f03') in 0.048106 seconds 
========================================================================
Received Import Request.
  Time since last request: 3.637093 seconds.
  path: Assets/prefabs/Bot.prefab
  artifactKey: Guid(c71501b20a4f064449f24957f3f74541) Importer(815301076,1909f56bfc062723c751e8b465ee728b)
Start importing Assets/prefabs/Bot.prefab using Guid(c71501b20a4f064449f24957f3f74541) Importer(815301076,1909f56bfc062723c751e8b465ee728b)  -> (artifact id: 'f65b818a766c9650de010fd33249086a') in 0.057978 seconds 
========================================================================
Received Import Request.
  Time since last request: 9.723618 seconds.
  path: Assets/prefabs/Bot.prefab
  artifactKey: Guid(c71501b20a4f064449f24957f3f74541) Importer(815301076,1909f56bfc062723c751e8b465ee728b)
Start importing Assets/prefabs/Bot.prefab using Guid(c71501b20a4f064449f24957f3f74541) Importer(815301076,1909f56bfc062723c751e8b465ee728b)  -> (artifact id: '97fad5ab09c730771d9a78c5acde4980') in 0.022717 seconds 
========================================================================
Received Import Request.
  Time since last request: 19.987704 seconds.
  path: Assets/prefabs/Bot.prefab
  artifactKey: Guid(c71501b20a4f064449f24957f3f74541) Importer(815301076,1909f56bfc062723c751e8b465ee728b)
Start importing Assets/prefabs/Bot.prefab using Guid(c71501b20a4f064449f24957f3f74541) Importer(815301076,1909f56bfc062723c751e8b465ee728b)  -> (artifact id: 'b6d3fe9bccb6dc9b182eced158bac71b') in 0.025841 seconds 
========================================================================
Received Import Request.
  Time since last request: 100.939198 seconds.
  path: Assets/Art/Animations/AnimationClips
  artifactKey: Guid(2dceb00d54b369d4889d2daf5a884a57) Importer(815301076,1909f56bfc062723c751e8b465ee728b)
Start importing Assets/Art/Animations/AnimationClips using Guid(2dceb00d54b369d4889d2daf5a884a57) Importer(815301076,1909f56bfc062723c751e8b465ee728b)  -> (artifact id: 'b3f31c09148e766f780e1d71e3f9b5b4') in 0.018216 seconds 
========================================================================
Received Import Request.
  Time since last request: 26.038652 seconds.
  path: Assets/Art/Animations
  artifactKey: Guid(c2511782ee2ec2049bd34dd5311d72e0) Importer(815301076,1909f56bfc062723c751e8b465ee728b)
Start importing Assets/Art/Animations using Guid(c2511782ee2ec2049bd34dd5311d72e0) Importer(815301076,1909f56bfc062723c751e8b465ee728b)  -> (artifact id: 'b510a228b6367b06187e55095d50d124') in 0.019079 seconds 
========================================================================
Received Import Request.
  Time since last request: 14.262319 seconds.
  path: Assets/Art/Animations/Robot.controller
  artifactKey: Guid(6779a7d67047e5e418502ba715e1bee9) Importer(815301076,1909f56bfc062723c751e8b465ee728b)
Start importing Assets/Art/Animations/Robot.controller using Guid(6779a7d67047e5e418502ba715e1bee9) Importer(815301076,1909f56bfc062723c751e8b465ee728b)  -> (artifact id: 'af9f9141ae3e0a0c3a23c8832d5f3984') in 0.025994 seconds 
========================================================================
Received Import Request.
  Time since last request: 1814.250381 seconds.
  path: Assets/Art/Animations/AnimationClips/Player
  artifactKey: Guid(f3cc884ead1a9b844804335eddacc621) Importer(815301076,1909f56bfc062723c751e8b465ee728b)
Start importing Assets/Art/Animations/AnimationClips/Player using Guid(f3cc884ead1a9b844804335eddacc621) Importer(815301076,1909f56bfc062723c751e8b465ee728b)  -> (artifact id: 'a955fd25213020ddc586c92ae09676f9') in 0.019939 seconds 
========================================================================
Received Import Request.
  Time since last request: 7.069224 seconds.
  path: Assets/Art/Animations/RobotLeft.anim
  artifactKey: Guid(775dab7fa98e0ba45b80a5b9a53c587c) Importer(815301076,1909f56bfc062723c751e8b465ee728b)
Start importing Assets/Art/Animations/RobotLeft.anim using Guid(775dab7fa98e0ba45b80a5b9a53c587c) Importer(815301076,1909f56bfc062723c751e8b465ee728b)  -> (artifact id: '13dae1536f24b8690caebbd84d84ea01') in 0.017248 seconds 
========================================================================
Received Import Request.
  Time since last request: 9.783098 seconds.
  path: Assets/Art/Animations/Left_Run.anim
  artifactKey: Guid(775dab7fa98e0ba45b80a5b9a53c587c) Importer(815301076,1909f56bfc062723c751e8b465ee728b)
Start importing Assets/Art/Animations/Left_Run.anim using Guid(775dab7fa98e0ba45b80a5b9a53c587c) Importer(815301076,1909f56bfc062723c751e8b465ee728b)  -> (artifact id: '295f69bcfeaafd2b2849c635920c7298') in 0.019554 seconds 
========================================================================
Received Import Request.
  Time since last request: 1.662896 seconds.
  path: Assets/Art/Animations/Jump_Bot.anim
  artifactKey: Guid(bd927d87bdd7d9a40a4f3829645ec782) Importer(815301076,1909f56bfc062723c751e8b465ee728b)
Start importing Assets/Art/Animations/Jump_Bot.anim using Guid(bd927d87bdd7d9a40a4f3829645ec782) Importer(815301076,1909f56bfc062723c751e8b465ee728b)  -> (artifact id: 'f76c6e0ae8c5bba2c2c78967dc071eac') in 0.015896 seconds 
========================================================================
Received Import Request.
  Time since last request: 22.706829 seconds.
  path: Assets/Art/Animations/up_Run.anim
  artifactKey: Guid(bd927d87bdd7d9a40a4f3829645ec782) Importer(815301076,1909f56bfc062723c751e8b465ee728b)
Start importing Assets/Art/Animations/up_Run.anim using Guid(bd927d87bdd7d9a40a4f3829645ec782) Importer(815301076,1909f56bfc062723c751e8b465ee728b)  -> (artifact id: 'e2077af4028d34a659bbe89f890d59f6') in 0.016756 seconds 
========================================================================
Received Import Request.
  Time since last request: 56.321439 seconds.
  path: Assets/Tiles/FloorGrassToBricksCorner_5.asset
  artifactKey: Guid(57b5e444d6c27f14dbe83b787d0e8f96) Importer(815301076,1909f56bfc062723c751e8b465ee728b)
Start importing Assets/Tiles/FloorGrassToBricksCorner_5.asset using Guid(57b5e444d6c27f14dbe83b787d0e8f96) Importer(815301076,1909f56bfc062723c751e8b465ee728b)  -> (artifact id: '06afe02e5bab1a2d0d38beba2f3f6298') in 0.378644 seconds 
========================================================================
Received Import Request.
  Time since last request: 0.000296 seconds.
  path: Assets/Tiles/FloorGrassToBricksCorner_6.asset
  artifactKey: Guid(99da8c468975188478cf934be5e49714) Importer(815301076,1909f56bfc062723c751e8b465ee728b)
Start importing Assets/Tiles/FloorGrassToBricksCorner_6.asset using Guid(99da8c468975188478cf934be5e49714) Importer(815301076,1909f56bfc062723c751e8b465ee728b)  -> (artifact id: 'cab8f631d1dbbfab641825dd4d4cdc52') in 0.058099 seconds 
========================================================================
Received Import Request.
  Time since last request: 14.190754 seconds.
  path: Assets/Art/Animations/Up_Run.anim
  artifactKey: Guid(bd927d87bdd7d9a40a4f3829645ec782) Importer(815301076,1909f56bfc062723c751e8b465ee728b)
Start importing Assets/Art/Animations/Up_Run.anim using Guid(bd927d87bdd7d9a40a4f3829645ec782) Importer(815301076,1909f56bfc062723c751e8b465ee728b)  -> (artifact id: 'cc0c1822a470eda757a2ac98cf36272c') in 0.016078 seconds 
AssetImportWorkerClient::OnTransportError - code=2 error=End of file
